!SESSION 2014-09-02 14:15:41.434 -----------------------------------------------
eclipse.buildId=unknown
java.version=1.7.0_65
java.vendor=Oracle Corporation
BootLoader constants: OS=linux, ARCH=x86_64, WS=gtk, NL=en_IN

!ENTRY org.eclipse.osgi 4 0 2014-09-02 14:15:41.442
!MESSAGE error loading hook: org.eclipse.virgo.kernel.equinox.extensions.hooks.ExtensionsHookConfigurator
!STACK 0
java.lang.ClassNotFoundException: org.eclipse.virgo.kernel.equinox.extensions.hooks.ExtensionsHookConfigurator
	at java.net.URLClassLoader$1.run(URLClassLoader.java:366)
	at java.net.URLClassLoader$1.run(URLClassLoader.java:355)
	at java.security.AccessController.doPrivileged(Native Method)
	at java.net.URLClassLoader.findClass(URLClassLoader.java:354)
	at java.lang.ClassLoader.loadClass(ClassLoader.java:425)
	at java.lang.ClassLoader.loadClass(ClassLoader.java:358)
	at java.lang.Class.forName0(Native Method)
	at java.lang.Class.forName(Class.java:190)
	at org.eclipse.osgi.baseadaptor.HookRegistry.loadConfigurators(HookRegistry.java:176)
	at org.eclipse.osgi.baseadaptor.HookRegistry.initialize(HookRegistry.java:100)
	at org.eclipse.osgi.baseadaptor.BaseAdaptor.<init>(BaseAdaptor.java:98)
	at org.eclipse.osgi.framework.internal.core.EquinoxLauncher.internalInit(EquinoxLauncher.java:67)
	at org.eclipse.osgi.framework.internal.core.EquinoxLauncher.init(EquinoxLauncher.java:37)
	at org.eclipse.osgi.launch.Equinox.init(Equinox.java:178)
	at org.apache.karaf.main.Main.launch(Main.java:237)
	at org.apache.karaf.main.Main.main(Main.java:171)
